Using pre-set license
Built from '2021.3/staging' branch; Version is '2021.3.6f1 (7da38d85baf6) revision 8233869'; Using compiler version '192829333'; Build Type 'Release'
OS: 'Windows 11  (10.0.22000) 64bit Core' Language: 'en' Physical Memory: 16176 MB
BatchMode: 1, IsHumanControllingUs: 0, StartBugReporterOnCrash: 0, Is64bit: 1, IsPro: 1

COMMAND LINE ARGUMENTS:
C:\Program Files\Unity\Hub\Editor\2021.3.6f1\Editor\Unity.exe
-adb2
-batchMode
-noUpm
-name
AssetImportWorker2
-projectPath
C:/Users/ALIENWARE EDU/Documents/GitHub/XR-Brain-Jam
-logFile
Logs/AssetImportWorker2.log
-srvPort
58694
Successfully changed project path to: C:/Users/ALIENWARE EDU/Documents/GitHub/XR-Brain-Jam
C:/Users/ALIENWARE EDU/Documents/GitHub/XR-Brain-Jam
[UnityMemory] Configuration Parameters - Can be set up in boot.config
    "memorysetup-bucket-allocator-granularity=16"
    "memorysetup-bucket-allocator-bucket-count=8"
    "memorysetup-bucket-allocator-block-size=33554432"
    "memorysetup-bucket-allocator-block-count=8"
    "memorysetup-main-allocator-block-size=16777216"
    "memorysetup-thread-allocator-block-size=16777216"
    "memorysetup-gfx-main-allocator-block-size=16777216"
    "memorysetup-gfx-thread-allocator-block-size=16777216"
    "memorysetup-cache-allocator-block-size=4194304"
    "memorysetup-typetree-allocator-block-size=2097152"
    "memorysetup-profiler-bucket-allocator-granularity=16"
    "memorysetup-profiler-bucket-allocator-bucket-count=8"
    "memorysetup-profiler-bucket-allocator-block-size=33554432"
    "memorysetup-profiler-bucket-allocator-block-count=8"
    "memorysetup-profiler-allocator-block-size=16777216"
    "memorysetup-profiler-editor-allocator-block-size=1048576"
    "memorysetup-temp-allocator-size-main=16777216"
    "memorysetup-job-temp-allocator-block-size=2097152"
    "memorysetup-job-temp-allocator-block-size-background=1048576"
    "memorysetup-job-temp-allocator-reduction-small-platforms=262144"
    "memorysetup-temp-allocator-size-background-worker=32768"
    "memorysetup-temp-allocator-size-job-worker=262144"
    "memorysetup-temp-allocator-size-preload-manager=33554432"
    "memorysetup-temp-allocator-size-nav-mesh-worker=65536"
    "memorysetup-temp-allocator-size-audio-worker=65536"
    "memorysetup-temp-allocator-size-cloud-worker=32768"
    "memorysetup-temp-allocator-size-gi-baking-worker=262144"
    "memorysetup-temp-allocator-size-gfx=262144"
Refreshing native plugins compatible for Editor in 40.28 ms, found 23 plugins.
Preloading 0 native plugins for Editor in 0.00 ms.
Initialize engine version: 2021.3.6f1 (7da38d85baf6)
[Subsystems] Discovering subsystems at path C:/Program Files/Unity/Hub/Editor/2021.3.6f1/Editor/Data/Resources/UnitySubsystems
[Subsystems] Discovering subsystems at path C:/Users/ALIENWARE EDU/Documents/GitHub/XR-Brain-Jam/Assets
GfxDevice: creating device client; threaded=0; jobified=0
Direct3D:
    Version:  Direct3D 11.0 [level 11.1]
    Renderer: NVIDIA GeForce RTX 3080 Ti (ID=0x2208)
    Vendor:   NVIDIA
    VRAM:     12108 MB
    Driver:   30.0.15.1277
Initialize mono
Mono path[0] = 'C:/Program Files/Unity/Hub/Editor/2021.3.6f1/Editor/Data/Managed'
Mono path[1] = 'C:/Program Files/Unity/Hub/Editor/2021.3.6f1/Editor/Data/MonoBleedingEdge/lib/mono/unityjit-win32'
Mono config path = 'C:/Program Files/Unity/Hub/Editor/2021.3.6f1/Editor/Data/MonoBleedingEdge/etc'
Using monoOptions --debugger-agent=transport=dt_socket,embedding=1,server=y,suspend=n,address=127.0.0.1:56652
Begin MonoManager ReloadAssembly
Registering precompiled unity dll's ...
Register platform support module: C:/Program Files/Unity/Hub/Editor/2021.3.6f1/Editor/Data/PlaybackEngines/WebGLSupport/UnityEditor.WebGL.Extensions.dll
Register platform support module: C:/Program Files/Unity/Hub/Editor/2021.3.6f1/Editor/Data/PlaybackEngines/WindowsStandaloneSupport/UnityEditor.WindowsStandalone.Extensions.dll
Registered in 0.002476 seconds.
Native extension for WindowsStandalone target not found
Native extension for WebGL target not found
Refreshing native plugins compatible for Editor in 27.56 ms, found 23 plugins.
Preloading 0 native plugins for Editor in 0.00 ms.
Mono: successfully reloaded assembly
- Completed reload, in  0.370 seconds
Domain Reload Profiling:
	ReloadAssembly (370ms)
		BeginReloadAssembly (43ms)
			ExecutionOrderSort (0ms)
			DisableScriptedObjects (0ms)
			BackupInstance (0ms)
			ReleaseScriptingObjects (0ms)
			CreateAndSetChildDomain (0ms)
		EndReloadAssembly (263ms)
			LoadAssemblies (42ms)
			RebuildTransferFunctionScriptingTraits (0ms)
			SetupTypeCache (64ms)
			ReleaseScriptCaches (0ms)
			RebuildScriptCaches (16ms)
			SetupLoadedEditorAssemblies (150ms)
				LogAssemblyErrors (0ms)
				InitializePlatformSupportModulesInManaged (5ms)
				SetLoadedEditorAssemblies (0ms)
				RefreshPlugins (28ms)
				BeforeProcessingInitializeOnLoad (1ms)
				ProcessInitializeOnLoadAttributes (88ms)
				ProcessInitializeOnLoadMethodAttributes (28ms)
				AfterProcessingInitializeOnLoad (0ms)
				EditorAssembliesLoaded (0ms)
			ExecutionOrderSort2 (0ms)
			AwakeInstancesAfterBackupRestoration (0ms)
Platform modules already initialized, skipping
Registering precompiled user dll's ...
Registered in 0.004178 seconds.
Begin MonoManager ReloadAssembly
Native extension for WindowsStandalone target not found
Native extension for WebGL target not found
Refreshing native plugins compatible for Editor in 28.49 ms, found 23 plugins.
Preloading 0 native plugins for Editor in 0.00 ms.
Package Manager log level set to [2]
Mono: successfully reloaded assembly
- Completed reload, in  0.736 seconds
Domain Reload Profiling:
	ReloadAssembly (737ms)
		BeginReloadAssembly (66ms)
			ExecutionOrderSort (0ms)
			DisableScriptedObjects (3ms)
			BackupInstance (0ms)
			ReleaseScriptingObjects (0ms)
			CreateAndSetChildDomain (13ms)
		EndReloadAssembly (595ms)
			LoadAssemblies (48ms)
			RebuildTransferFunctionScriptingTraits (0ms)
			SetupTypeCache (126ms)
			ReleaseScriptCaches (0ms)
			RebuildScriptCaches (40ms)
			SetupLoadedEditorAssemblies (330ms)
				LogAssemblyErrors (0ms)
				InitializePlatformSupportModulesInManaged (3ms)
				SetLoadedEditorAssemblies (0ms)
				RefreshPlugins (29ms)
				BeforeProcessingInitializeOnLoad (44ms)
				ProcessInitializeOnLoadAttributes (210ms)
				ProcessInitializeOnLoadMethodAttributes (40ms)
				AfterProcessingInitializeOnLoad (4ms)
				EditorAssembliesLoaded (0ms)
			ExecutionOrderSort2 (0ms)
			AwakeInstancesAfterBackupRestoration (6ms)
Platform modules already initialized, skipping
========================================================================
Worker process is ready to serve import requests
Launched and connected shader compiler UnityShaderCompiler.exe after 0.08 seconds
Refreshing native plugins compatible for Editor in 1.19 ms, found 23 plugins.
Preloading 0 native plugins for Editor in 0.00 ms.
Unloading 2873 Unused Serialized files (Serialized files now loaded: 0)
Unloading 61 unused Assets / (57.5 KB). Loaded Objects now: 3308.
Memory consumption went from 118.4 MB to 118.4 MB.
Total: 3.379400 ms (FindLiveObjects: 0.258200 ms CreateObjectMapping: 0.172100 ms MarkObjects: 2.774000 ms  DeleteObjects: 0.173400 ms)

AssetImportParameters requested are different than current active one (requested -> active):
  custom:video-decoder-ogg-theora: a1e56fd34408186e4bbccfd4996cb3dc -> 
  custom:container-muxer-webm: aa71ff27fc2769a1b78a27578f13a17b -> 
  custom:container-demuxer-webm: 4f35f7cbe854078d1ac9338744f61a02 -> 
  custom:video-encoder-webm-vp8: eb34c28f22e8b96e1ab97ce403110664 -> 
  custom:video-codec-MediaFoundation-h265: 746d11721c4dcdbdad8f713fa42b33f4 -> 
  custom:audio-encoder-webm-vorbis: bf7c407c2cedff20999df2af8eb42d56 -> 
  custom:framework-win-MediaFoundation: 216162199b28c13a410421893ffa2e32 -> 
  custom:container-demuxer-ogg: 62fdf1f143b41e24485cea50d1cbac27 -> 
  custom:video-decoder-webm-vp8: 9c59270c3fd7afecdb556c50c9e8de78 -> 
  custom:audio-decoder-ogg-vorbis: bf7c407c2cedff20999df2af8eb42d56 -> 
========================================================================
Received Import Request.
  Time since last request: 5564.959116 seconds.
  path: Assets/Jamal
  artifactKey: Guid(e558bc6b9780cc94ab15801a126c700e) Importer(815301076,1909f56bfc062723c751e8b465ee728b)
Start importing Assets/Jamal using Guid(e558bc6b9780cc94ab15801a126c700e) Importer(815301076,1909f56bfc062723c751e8b465ee728b)  -> (artifact id: 'f612ba82e2a9903d9a912c3a07494610') in 0.007733 seconds 
========================================================================
Received Import Request.
  Time since last request: 27.474195 seconds.
  path: Assets/Nice Materials Pack 2
  artifactKey: Guid(5a4213331dffcde4aaa23326738c6cea) Importer(815301076,1909f56bfc062723c751e8b465ee728b)
Start importing Assets/Nice Materials Pack 2 using Guid(5a4213331dffcde4aaa23326738c6cea) Importer(815301076,1909f56bfc062723c751e8b465ee728b)  -> (artifact id: '22da4de66a942ac0671d379d1fd34725') in 0.004272 seconds 
========================================================================
Received Import Request.
  Time since last request: 9.562165 seconds.
  path: Assets/Prefabs
  artifactKey: Guid(7d78ecdbf2655194a82ef513e4a12284) Importer(815301076,1909f56bfc062723c751e8b465ee728b)
Start importing Assets/Prefabs using Guid(7d78ecdbf2655194a82ef513e4a12284) Importer(815301076,1909f56bfc062723c751e8b465ee728b)  -> (artifact id: 'c25f8e2459fdc49dddef2bb036ef88c2') in 0.005231 seconds 
========================================================================
Received Import Request.
  Time since last request: 0.921496 seconds.
  path: Assets/Resources
  artifactKey: Guid(23402d20f0c860b47845bf4009251b6c) Importer(815301076,1909f56bfc062723c751e8b465ee728b)
Start importing Assets/Resources using Guid(23402d20f0c860b47845bf4009251b6c) Importer(815301076,1909f56bfc062723c751e8b465ee728b)  -> (artifact id: '833bd5c4a36eacbc2de8c8538a3854a8') in 0.004915 seconds 
========================================================================
Received Import Request.
  Time since last request: 0.975224 seconds.
  path: Assets/Runtime
  artifactKey: Guid(e54670af4010c6742ba2b254820ad60e) Importer(815301076,1909f56bfc062723c751e8b465ee728b)
Start importing Assets/Runtime using Guid(e54670af4010c6742ba2b254820ad60e) Importer(815301076,1909f56bfc062723c751e8b465ee728b)  -> (artifact id: 'eceb53aa3a8c395d34ca15626b635f52') in 0.005506 seconds 
========================================================================
Received Import Request.
  Time since last request: 7.452046 seconds.
  path: Assets/TextMesh Pro
  artifactKey: Guid(79a3307c45dd89a4899c4a442cb274d7) Importer(815301076,1909f56bfc062723c751e8b465ee728b)
Start importing Assets/TextMesh Pro using Guid(79a3307c45dd89a4899c4a442cb274d7) Importer(815301076,1909f56bfc062723c751e8b465ee728b)  -> (artifact id: 'c43c4949a4fd0eb7167704c1fa16aafb') in 0.005941 seconds 
========================================================================
Received Import Request.
  Time since last request: 17.449233 seconds.
  path: Assets/TrainingScene.prefab
  artifactKey: Guid(c57e6afbed18944e6a4de7911628be77) Importer(815301076,1909f56bfc062723c751e8b465ee728b)
Start importing Assets/TrainingScene.prefab using Guid(c57e6afbed18944e6a4de7911628be77) Importer(815301076,1909f56bfc062723c751e8b465ee728b)  -> (artifact id: '905df1a5e33e68910f9d97bafe5e0fe6') in 0.202428 seconds 
========================================================================
Received Import Request.
  Time since last request: 376.213011 seconds.
  path: Assets/Plugins
  artifactKey: Guid(0ccb6f46ace485949a687aea646d597a) Importer(815301076,1909f56bfc062723c751e8b465ee728b)
Start importing Assets/Plugins using Guid(0ccb6f46ace485949a687aea646d597a) Importer(815301076,1909f56bfc062723c751e8b465ee728b)  -> (artifact id: '1b87436b515124b83c2cb3203efc2ef9') in 0.009870 seconds 
========================================================================
Received Import Request.
  Time since last request: 54.187203 seconds.
  path: Assets/Scenes/TrainingScenario_Jamal.unity
  artifactKey: Guid(7a5d182ae74f51148989218936dfefcb) Importer(815301076,1909f56bfc062723c751e8b465ee728b)
Start importing Assets/Scenes/TrainingScenario_Jamal.unity using Guid(7a5d182ae74f51148989218936dfefcb) Importer(815301076,1909f56bfc062723c751e8b465ee728b)  -> (artifact id: '283b3e2eadc6ba15edc5807d96442137') in 0.001572 seconds 
========================================================================
Received Import Request.
  Time since last request: 228.349042 seconds.
  path: Assets/Scenes/TrainingScenario_Jamal.unity
  artifactKey: Guid(7a5d182ae74f51148989218936dfefcb) Importer(815301076,1909f56bfc062723c751e8b465ee728b)
Start importing Assets/Scenes/TrainingScenario_Jamal.unity using Guid(7a5d182ae74f51148989218936dfefcb) Importer(815301076,1909f56bfc062723c751e8b465ee728b)  -> (artifact id: 'b5e43aae3a04d20d6f2ccd127202ab00') in 0.001438 seconds 
========================================================================
Received Prepare
Registering precompiled user dll's ...
Registered in 0.006887 seconds.
Begin MonoManager ReloadAssembly
Native extension for WindowsStandalone target not found
Native extension for WebGL target not found
Refreshing native plugins compatible for Editor in 0.76 ms, found 23 plugins.
Preloading 0 native plugins for Editor in 0.00 ms.
Fixing exec order for 
UnityEngine.StackTraceUtility:ExtractStackTrace ()
UnityEngine.DebugLogHandler:LogFormat (UnityEngine.LogType,UnityEngine.Object,string,object[])
UnityEngine.Logger:Log (UnityEngine.LogType,object)
UnityEngine.Debug:Log (object)
Tobii.XR.Internal.TobiiXR_ExecutionOrderValidator:.cctor () (at Assets/Runtime/API/Internal/Editor/TobiiXR_ExecutionOrderValidator.cs:23)
System.Runtime.CompilerServices.RuntimeHelpers:RunClassConstructor (System.RuntimeTypeHandle)
UnityEditor.EditorAssemblies:ProcessInitializeOnLoadAttributes (System.Type[])

(Filename: Assets/Runtime/API/Internal/Editor/TobiiXR_ExecutionOrderValidator.cs Line: 23)

Mono: successfully reloaded assembly
- Completed reload, in  0.791 seconds
Domain Reload Profiling:
	ReloadAssembly (791ms)
		BeginReloadAssembly (111ms)
			ExecutionOrderSort (0ms)
			DisableScriptedObjects (4ms)
			BackupInstance (0ms)
			ReleaseScriptingObjects (0ms)
			CreateAndSetChildDomain (40ms)
		EndReloadAssembly (604ms)
			LoadAssemblies (59ms)
			RebuildTransferFunctionScriptingTraits (0ms)
			SetupTypeCache (165ms)
			ReleaseScriptCaches (1ms)
			RebuildScriptCaches (26ms)
			SetupLoadedEditorAssemblies (303ms)
				LogAssemblyErrors (0ms)
				InitializePlatformSupportModulesInManaged (10ms)
				SetLoadedEditorAssemblies (0ms)
				RefreshPlugins (1ms)
				BeforeProcessingInitializeOnLoad (44ms)
				ProcessInitializeOnLoadAttributes (215ms)
				ProcessInitializeOnLoadMethodAttributes (28ms)
				AfterProcessingInitializeOnLoad (6ms)
				EditorAssembliesLoaded (0ms)
			ExecutionOrderSort2 (0ms)
			AwakeInstancesAfterBackupRestoration (5ms)
Platform modules already initialized, skipping
Refreshing native plugins compatible for Editor in 3.99 ms, found 23 plugins.
Preloading 0 native plugins for Editor in 0.00 ms.
Unloading 2837 Unused Serialized files (Serialized files now loaded: 0)
Unloading 66 unused Assets / (0.6 MB). Loaded Objects now: 3324.
Memory consumption went from 135.3 MB to 134.7 MB.
Total: 3.338100 ms (FindLiveObjects: 0.367000 ms CreateObjectMapping: 0.089100 ms MarkObjects: 2.500700 ms  DeleteObjects: 0.380100 ms)

AssetImportParameters requested are different than current active one (requested -> active):
  custom:video-decoder-ogg-theora: a1e56fd34408186e4bbccfd4996cb3dc -> 
  custom:container-muxer-webm: aa71ff27fc2769a1b78a27578f13a17b -> 
  custom:container-demuxer-webm: 4f35f7cbe854078d1ac9338744f61a02 -> 
  custom:video-encoder-webm-vp8: eb34c28f22e8b96e1ab97ce403110664 -> 
  custom:video-codec-MediaFoundation-h265: 746d11721c4dcdbdad8f713fa42b33f4 -> 
  custom:audio-encoder-webm-vorbis: bf7c407c2cedff20999df2af8eb42d56 -> 
  custom:framework-win-MediaFoundation: 216162199b28c13a410421893ffa2e32 -> 
  custom:container-demuxer-ogg: 62fdf1f143b41e24485cea50d1cbac27 -> 
  custom:video-decoder-webm-vp8: 9c59270c3fd7afecdb556c50c9e8de78 -> 
  custom:audio-decoder-ogg-vorbis: bf7c407c2cedff20999df2af8eb42d56 -> 
========================================================================
Received Import Request.
  Time since last request: 2065.234970 seconds.
  path: Assets/Prefabs/XR Rig.prefab
  artifactKey: Guid(f87ec5356c7b1da41ab7478140cda94a) Importer(815301076,1909f56bfc062723c751e8b465ee728b)
Start importing Assets/Prefabs/XR Rig.prefab using Guid(f87ec5356c7b1da41ab7478140cda94a) Importer(815301076,1909f56bfc062723c751e8b465ee728b)  -> (artifact id: 'a0f46dd2e0bb3582c2033230d8315aed') in 0.042528 seconds 
========================================================================
Received Import Request.
  Time since last request: 2.051929 seconds.
  path: Assets/Prefabs/Gaze Focusable Object.prefab
  artifactKey: Guid(6c59726d94041e144a47bd434959b891) Importer(815301076,1909f56bfc062723c751e8b465ee728b)
Start importing Assets/Prefabs/Gaze Focusable Object.prefab using Guid(6c59726d94041e144a47bd434959b891) Importer(815301076,1909f56bfc062723c751e8b465ee728b)  -> (artifact id: '7a96b29d27582077c0be44a9641707b5') in 0.040248 seconds 
========================================================================
Received Import Request.
  Time since last request: 22.176045 seconds.
  path: Assets/Scenes/TrainingScenario_Jamal.unity
  artifactKey: Guid(7a5d182ae74f51148989218936dfefcb) Importer(815301076,1909f56bfc062723c751e8b465ee728b)
Start importing Assets/Scenes/TrainingScenario_Jamal.unity using Guid(7a5d182ae74f51148989218936dfefcb) Importer(815301076,1909f56bfc062723c751e8b465ee728b)  -> (artifact id: 'f197306e2143febbd7fcaa3c7bc1902d') in 0.001444 seconds 
========================================================================
Received Import Request.
  Time since last request: 9.437907 seconds.
  path: Assets/Samples/Tobii XR SDK/3.0.1/Social/Materials/Logo Tobii Horizontal.mat
  artifactKey: Guid(c63336473f8c1684ab3acb9b3b3a05e2) Importer(815301076,1909f56bfc062723c751e8b465ee728b)
Start importing Assets/Samples/Tobii XR SDK/3.0.1/Social/Materials/Logo Tobii Horizontal.mat using Guid(c63336473f8c1684ab3acb9b3b3a05e2) Importer(815301076,1909f56bfc062723c751e8b465ee728b)  -> (artifact id: 'cc0391137eb43b8433b3e9b61b94851e') in 0.060704 seconds 
========================================================================
Received Import Request.
  Time since last request: 0.000023 seconds.
  path: Assets/Samples/Tobii XR SDK/3.0.1/Hand-Eye Coordination/Prefabs/TobiiController.prefab
  artifactKey: Guid(bb930a616805d0c419fb1bc1343cfb81) Importer(815301076,1909f56bfc062723c751e8b465ee728b)
Start importing Assets/Samples/Tobii XR SDK/3.0.1/Hand-Eye Coordination/Prefabs/TobiiController.prefab using Guid(bb930a616805d0c419fb1bc1343cfb81) Importer(815301076,1909f56bfc062723c751e8b465ee728b)  -> (artifact id: '42f57c7e05a7aecd083dbb49a125e672') in 0.019772 seconds 
========================================================================
Received Import Request.
  Time since last request: 0.000020 seconds.
  path: Assets/Runtime/DevTools/Prefabs/Tobii Dev Tools.prefab
  artifactKey: Guid(8352bb59d9d95a9418e0ea72bcce781d) Importer(815301076,1909f56bfc062723c751e8b465ee728b)
Start importing Assets/Runtime/DevTools/Prefabs/Tobii Dev Tools.prefab using Guid(8352bb59d9d95a9418e0ea72bcce781d) Importer(815301076,1909f56bfc062723c751e8b465ee728b)  -> (artifact id: '608646baf7bcd2c5158ba6e9fbbc8f8a') in 0.062251 seconds 
========================================================================
Received Import Request.
  Time since last request: 0.000025 seconds.
  path: Assets/Samples/Tobii XR SDK/3.0.1/UI/Textures/TobiiControllerDiff.png
  artifactKey: Guid(bd3384ac9caa36d43bb92ed0eb444f18) Importer(815301076,1909f56bfc062723c751e8b465ee728b)
Start importing Assets/Samples/Tobii XR SDK/3.0.1/UI/Textures/TobiiControllerDiff.png using Guid(bd3384ac9caa36d43bb92ed0eb444f18) Importer(815301076,1909f56bfc062723c751e8b465ee728b)  -> (artifact id: 'fb7c051fb769d6f3d636fe90d6b56b2b') in 0.020480 seconds 
========================================================================
Received Import Request.
  Time since last request: 0.000025 seconds.
  path: Assets/Samples/Tobii XR SDK/3.0.1/UI/Models/TobiiController.FBX
  artifactKey: Guid(31277733fd6358e47b44d366113d5db7) Importer(815301076,1909f56bfc062723c751e8b465ee728b)
Start importing Assets/Samples/Tobii XR SDK/3.0.1/UI/Models/TobiiController.FBX using Guid(31277733fd6358e47b44d366113d5db7) Importer(815301076,1909f56bfc062723c751e8b465ee728b)  -> (artifact id: '80c3635da2359179742f7109f80fb593') in 0.091423 seconds 
========================================================================
Received Import Request.
  Time since last request: 0.000026 seconds.
  path: Assets/Runtime/DevTools/Prefabs/Tobii Gaze Visualizer.prefab
  artifactKey: Guid(6b0b81de96187a847be3d24bd6027e85) Importer(815301076,1909f56bfc062723c751e8b465ee728b)
Start importing Assets/Runtime/DevTools/Prefabs/Tobii Gaze Visualizer.prefab using Guid(6b0b81de96187a847be3d24bd6027e85) Importer(815301076,1909f56bfc062723c751e8b465ee728b)  -> (artifact id: '2ce6e63ed681c5fad3caa78027848a99') in 0.011756 seconds 
Editor requested this worker to shutdown with reason: Scaling down because of idle timeout
AssetImportWorker is now disconnected from the server
Process exiting
Exiting without the bug reporter. Application will terminate with return code 0